-------------------------------------------------------------------------------
Test set: com.consol.citrus.group1.MyTest1
-------------------------------------------------------------------------------
Tests run: 2, Failures: 1, Errors: 0, Skipped: 0, Time elapsed: 3.56 sec <<< FAILURE! - in com.consol.citrus.group1.MyTest1
afterSuite(com.consol.citrus.group1.MyTest1)  Time elapsed: 0.302 sec  <<< FAILURE!
java.lang.NoClassDefFoundError: org/apache/commons/codec/binary/Base64
Caused by: java.lang.ClassNotFoundException: org.apache.commons.codec.binary.Base64

