<?xml version="1.0" encoding="UTF-8"?>
<testsuite xmlns:xsi="http://www.w3.org/2001/XMLSchema-instance" xsi:schemaLocation="https://maven.apache.org/surefire/maven-surefire-plugin/xsd/surefire-test-report.xsd" name="com.consol.citrus.group1.MyTest1" time="3.56" tests="2" errors="0" skipped="0" failures="1">
  <properties>
[...]
</properties>
  <testcase name="myTest1" classname="com.consol.citrus.group1.MyTest1" time="0.204"/>
  <testcase name="afterSuite" classname="com.consol.citrus.group1.MyTest1" time="0.302">
    <failure message="org/apache/commons/codec/binary/Base64" type="java.lang.NoClassDefFoundError">java.lang.NoClassDefFoundError: org/apache/commons/codec/binary/Base64
Caused by: java.lang.ClassNotFoundException: org.apache.commons.codec.binary.Base64
</failure>
    <system-out><![CDATA[23:57:50,545 INFO         citrus.Citrus| 
23:57:50,546 INFO         citrus.Citrus| ------------------------------------------------------------------------
23:57:50,546 DEBUG        citrus.Citrus| AFTER TEST SUITE
23:57:50,547 INFO         citrus.Citrus| 
23:57:50,547 INFO         citrus.Citrus| 
23:57:50,547 INFO         citrus.Citrus| AFTER TEST SUITE: SUCCESS
23:57:50,547 INFO         citrus.Citrus| ------------------------------------------------------------------------
23:57:50,548 INFO         citrus.Citrus| 
23:57:50,548 INFO         citrus.Citrus| ------------------------------------------------------------------------
23:57:50,548 INFO         citrus.Citrus| 
23:57:50,548 INFO         citrus.Citrus| CITRUS TEST RESULTS
23:57:50,548 INFO         citrus.Citrus| 
23:57:50,550 INFO         citrus.Citrus|  MyTest1 ........................................................ SUCCESS
23:57:50,550 INFO         citrus.Citrus| 
23:57:50,550 INFO         citrus.Citrus| TOTAL:	1
23:57:50,554 DEBUG        citrus.Citrus| SKIPPED:	0 (0.0%)
23:57:50,554 INFO         citrus.Citrus| FAILED:	0 (0.0%)
23:57:50,555 INFO         citrus.Citrus| SUCCESS:	1 (100.0%)
23:57:50,555 INFO         citrus.Citrus| 
23:57:50,555 INFO         citrus.Citrus| ------------------------------------------------------------------------
23:57:50,555 DEBUG  report.HtmlReporter| Generating HTML test report
23:57:50,557 DEBUG       util.FileUtils| Reading file resource: 'test-detail.html' (encoding is 'windows-1252')
]]></system-out>
  </testcase>
</testsuite>