<?xml version="1.0" encoding="UTF-8"?>
<testng-results skipped="0" failed="0" ignored="0" total="1" passed="1">
  <reporter-output>
  </reporter-output>
  <suite name="Surefire suite" duration-ms="254" started-at="2017-09-23T18:27:50Z" finished-at="2017-09-23T18:27:50Z">
    <groups>
    </groups>
    <test name="Surefire test" duration-ms="254" started-at="2017-09-23T18:27:50Z" finished-at="2017-09-23T18:27:50Z">
      <class name="com.consol.citrus.group1.MyTest1">
        <test-method status="PASS" signature="beforeSuite(org.testng.ITestContext)[pri:0, instance:com.consol.citrus.group1.MyTest1@10d210d]" name="beforeSuite" is-config="true" duration-ms="1682" started-at="2017-09-23T23:57:48Z" finished-at="2017-09-23T23:57:50Z">
          <params>
            <param index="0">
              <value>
                <![CDATA[org.testng.TestRunner@1d1f8dd]]>
              </value>
            </param>
          </params>
          <reporter-output>
          </reporter-output>
        </test-method> <!-- beforeSuite -->
        <test-method status="PASS" signature="springTestContextBeforeTestClass()[pri:0, instance:com.consol.citrus.group1.MyTest1@10d210d]" name="springTestContextBeforeTestClass" is-config="true" duration-ms="2" started-at="2017-09-23T23:57:50Z" finished-at="2017-09-23T23:57:50Z">
          <reporter-output>
          </reporter-output>
        </test-method> <!-- springTestContextBeforeTestClass -->
        <test-method status="PASS" signature="springTestContextPrepareTestInstance()[pri:0, instance:com.consol.citrus.group1.MyTest1@10d210d]" name="springTestContextPrepareTestInstance" is-config="true" duration-ms="0" started-at="2017-09-23T23:57:50Z" depends-on-methods="org.springframework.test.context.testng.AbstractTestNGSpringContextTests.springTestContextBeforeTestClass" finished-at="2017-09-23T23:57:50Z">
          <reporter-output>
          </reporter-output>
        </test-method> <!-- springTestContextPrepareTestInstance -->
        <test-method status="PASS" signature="springTestContextBeforeTestMethod(java.lang.reflect.Method)[pri:0, instance:com.consol.citrus.group1.MyTest1@10d210d]" name="springTestContextBeforeTestMethod" is-config="true" duration-ms="1" started-at="2017-09-23T23:57:50Z" finished-at="2017-09-23T23:57:50Z">
          <params>
            <param index="0">
              <value>
                <![CDATA[public void com.consol.citrus.group1.MyTest1.myTest1()]]>
              </value>
            </param>
          </params>
          <reporter-output>
          </reporter-output>
        </test-method> <!-- springTestContextBeforeTestMethod -->
        <test-method status="PASS" signature="myTest1()[pri:0, instance:com.consol.citrus.group1.MyTest1@10d210d]" name="myTest1" duration-ms="203" started-at="2017-09-23T23:57:50Z" finished-at="2017-09-23T23:57:50Z">
          <reporter-output>
          </reporter-output>
        </test-method> <!-- myTest1 -->
        <test-method status="PASS" signature="springTestContextAfterTestMethod(java.lang.reflect.Method)[pri:0, instance:com.consol.citrus.group1.MyTest1@10d210d]" name="springTestContextAfterTestMethod" is-config="true" duration-ms="0" started-at="2017-09-23T23:57:50Z" finished-at="2017-09-23T23:57:50Z">
          <params>
            <param index="0">
              <value>
                <![CDATA[public void com.consol.citrus.group1.MyTest1.myTest1()]]>
              </value>
            </param>
          </params>
          <reporter-output>
          </reporter-output>
        </test-method> <!-- springTestContextAfterTestMethod -->
        <test-method status="PASS" signature="springTestContextAfterTestClass()[pri:0, instance:com.consol.citrus.group1.MyTest1@10d210d]" name="springTestContextAfterTestClass" is-config="true" duration-ms="0" started-at="2017-09-23T23:57:50Z" finished-at="2017-09-23T23:57:50Z">
          <reporter-output>
          </reporter-output>
        </test-method> <!-- springTestContextAfterTestClass -->
        <test-method status="FAIL" signature="afterSuite(org.testng.ITestContext)[pri:0, instance:com.consol.citrus.group1.MyTest1@10d210d]" name="afterSuite" is-config="true" duration-ms="0" started-at="2017-09-23T23:57:50Z" finished-at="2017-09-23T23:57:50Z">
          <params>
            <param index="0">
              <value>
                <![CDATA[org.testng.TestRunner@1d1f8dd]]>
              </value>
            </param>
          </params>
          <exception class="java.lang.NoClassDefFoundError">
            <message>
              <![CDATA[org/apache/commons/codec/binary/Base64]]>
            </message>
            <full-stacktrace>
              <![CDATA[java.lang.NoClassDefFoundError: org/apache/commons/codec/binary/Base64
	at com.consol.citrus.report.HtmlReporter.getLogoImageData(HtmlReporter.java:179)
	at com.consol.citrus.report.HtmlReporter.generateTestResults(HtmlReporter.java:134)
	at com.consol.citrus.report.TestSuiteListeners.onFinishSuccess(TestSuiteListeners.java:70)
	at com.consol.citrus.Citrus.afterSuite(Citrus.java:222)
	at com.consol.citrus.testng.AbstractTestNGCitrusTest.afterSuite(AbstractTestNGCitrusTest.java:277)
	at sun.reflect.NativeMethodAccessorImpl.invoke0(Native Method)
	at sun.reflect.NativeMethodAccessorImpl.invoke(NativeMethodAccessorImpl.java:62)
	at sun.reflect.DelegatingMethodAccessorImpl.invoke(DelegatingMethodAccessorImpl.java:43)
	at java.lang.reflect.Method.invoke(Method.java:497)
	at org.testng.internal.MethodInvocationHelper.invokeMethod(MethodInvocationHelper.java:104)
	at org.testng.internal.Invoker.invokeConfigurationMethod(Invoker.java:515)
	at org.testng.internal.Invoker.invokeConfigurations(Invoker.java:217)
	at org.testng.internal.Invoker.invokeConfigurations(Invoker.java:144)
	at org.testng.SuiteRunner.privateRun(SuiteRunner.java:357)
	at org.testng.SuiteRunner.run(SuiteRunner.java:289)
	at org.testng.SuiteRunnerWorker.runSuite(SuiteRunnerWorker.java:52)
	at org.testng.SuiteRunnerWorker.run(SuiteRunnerWorker.java:86)
	at org.testng.TestNG.runSuitesSequentially(TestNG.java:1293)
	at org.testng.TestNG.runSuitesLocally(TestNG.java:1218)
	at org.testng.TestNG.runSuites(TestNG.java:1133)
	at org.testng.TestNG.run(TestNG.java:1104)
	at org.apache.maven.surefire.testng.TestNGExecutor.run(TestNGExecutor.java:132)
	at org.apache.maven.surefire.testng.TestNGDirectoryTestSuite.executeSingleClass(TestNGDirectoryTestSuite.java:134)
	at org.apache.maven.surefire.testng.TestNGDirectoryTestSuite.execute(TestNGDirectoryTestSuite.java:118)
	at org.apache.maven.surefire.testng.TestNGProvider.invoke(TestNGProvider.java:146)
	at org.apache.maven.surefire.booter.ForkedBooter.invokeProviderInSameClassLoader(ForkedBooter.java:286)
	at org.apache.maven.surefire.booter.ForkedBooter.runSuitesInProcess(ForkedBooter.java:240)
	at org.apache.maven.surefire.booter.ForkedBooter.main(ForkedBooter.java:121)
Caused by: java.lang.ClassNotFoundException: org.apache.commons.codec.binary.Base64
	at java.net.URLClassLoader.findClass(URLClassLoader.java:381)
	at java.lang.ClassLoader.loadClass(ClassLoader.java:424)
	at sun.misc.Launcher$AppClassLoader.loadClass(Launcher.java:331)
	at java.lang.ClassLoader.loadClass(ClassLoader.java:357)
	... 28 more
]]>
            </full-stacktrace>
          </exception> <!-- java.lang.NoClassDefFoundError -->
          <reporter-output>
          </reporter-output>
        </test-method> <!-- afterSuite -->
      </class> <!-- com.consol.citrus.group1.MyTest1 -->
    </test> <!-- Surefire test -->
  </suite> <!-- Surefire suite -->
</testng-results>
